# JRE version: OpenJDK Runtime Environment Temurin-17.0.13+11 (17.0.13+11) (build 17.0.13+11)
# Java VM: OpenJDK 64-Bit Server VM Temurin-17.0.13+11 (17.0.13+11, mixed mode, tiered, compressed oops, compressed class ptrs, g1 gc, windows-amd64)
GC Precious Log:
 CPUs: 8 total, 8 available
 Memory: 3418M
 Large Page Support: Disabled
 NUMA Support: Disabled
 Compressed Oops: Enabled (Zero based)
 Heap Region Size: 2M
 Heap Min Capacity: 8M
 Heap Initial Capacity: 54M
 Heap Max Capacity: 4G
 Pre-touch: Disabled
 Parallel Workers: 8
 Concurrent Workers: 2
 Concurrent Refinement Workers: 8
 Periodic GC: Disabled
Heap:
 garbage-first heap   total 847872K, used 179342K [0x0000000700000000, 0x0000000800000000)
  region size 2048K, 5 young (10240K), 5 survivors (10240K)
 Metaspace       used 153097K, committed 153984K, reserved 1245184K
  class space    used 19426K, committed 19840K, reserved 1048576K
GC Heap History (20 events):
Event: 94.141 GC heap after
{Heap after GC invocations=102 (full 0):
 garbage-first heap   total 423936K, used 173211K [0x0000000700000000, 0x0000000800000000)
  region size 2048K, 5 young (10240K), 5 survivors (10240K)
 Metaspace       used 153035K, committed 153920K, reserved 1245184K
  class space    used 19426K, committed 19840K, reserved 1048576K
}
Event: 94.401 GC heap before
{Heap before GC invocations=102 (full 0):
 garbage-first heap   total 423936K, used 355483K [0x0000000700000000, 0x0000000800000000)
  region size 2048K, 95 young (194560K), 5 survivors (10240K)
 Metaspace       used 153038K, committed 153920K, reserved 1245184K
  class space    used 19426K, committed 19840K, reserved 1048576K
}
Event: 94.408 GC heap after
{Heap after GC invocations=103 (full 0):
 garbage-first heap   total 423936K, used 173394K [0x0000000700000000, 0x0000000800000000)
  region size 2048K, 5 young (10240K), 5 survivors (10240K)
 Metaspace       used 153038K, committed 153920K, reserved 1245184K
  class space    used 19426K, committed 19840K, reserved 1048576K
}
Event: 94.668 GC heap before
{Heap before GC invocations=103 (full 0):
 garbage-first heap   total 423936K, used 357714K [0x0000000700000000, 0x0000000800000000)
  region size 2048K, 96 young (196608K), 5 survivors (10240K)
 Metaspace       used 153042K, committed 153920K, reserved 1245184K
  class space    used 19426K, committed 19840K, reserved 1048576K
}
Event: 94.683 GC heap after
{Heap after GC invocations=104 (full 0):
 garbage-first heap   total 423936K, used 174308K [0x0000000700000000, 0x0000000800000000)
  region size 2048K, 5 young (10240K), 5 survivors (10240K)
 Metaspace       used 153042K, committed 153920K, reserved 1245184K
  class space    used 19426K, committed 19840K, reserved 1048576K
}
Event: 95.036 GC heap before
{Heap before GC invocations=104 (full 0):
 garbage-first heap   total 423936K, used 364772K [0x0000000700000000, 0x0000000800000000)
  region size 2048K, 98 young (200704K), 5 survivors (10240K)
 Metaspace       used 153054K, committed 153920K, reserved 1245184K
  class space    used 19426K, committed 19840K, reserved 1048576K
}
Event: 95.096 GC heap after
{Heap after GC invocations=105 (full 0):
 garbage-first heap   total 423936K, used 176239K [0x0000000700000000, 0x0000000800000000)
  region size 2048K, 6 young (12288K), 6 survivors (12288K)
 Metaspace       used 153054K, committed 153920K, reserved 1245184K
  class space    used 19426K, committed 19840K, reserved 1048576K
}
Event: 95.357 GC heap before
{Heap before GC invocations=105 (full 0):
 garbage-first heap   total 423936K, used 366703K [0x0000000700000000, 0x0000000800000000)
  region size 2048K, 99 young (202752K), 6 survivors (12288K)
 Metaspace       used 153063K, committed 153920K, reserved 1245184K
  class space    used 19426K, committed 19840K, reserved 1048576K
}
Event: 95.461 GC heap after
{Heap after GC invocations=106 (full 0):
 garbage-first heap   total 423936K, used 176283K [0x0000000700000000, 0x0000000800000000)
  region size 2048K, 6 young (12288K), 6 survivors (12288K)
 Metaspace       used 153063K, committed 153920K, reserved 1245184K
  class space    used 19426K, committed 19840K, reserved 1048576K
}
Event: 95.674 GC heap before
{Heap before GC invocations=106 (full 0):
 garbage-first heap   total 423936K, used 364699K [0x0000000700000000, 0x0000000800000000)
  region size 2048K, 99 young (202752K), 6 survivors (12288K)
 Metaspace       used 153064K, committed 153920K, reserved 1245184K
  class space    used 19426K, committed 19840K, reserved 1048576K
}
Event: 95.689 GC heap after
{Heap after GC invocations=107 (full 0):
 garbage-first heap   total 847872K, used 177893K [0x0000000700000000, 0x0000000800000000)
  region size 2048K, 7 young (14336K), 7 survivors (14336K)
 Metaspace       used 153064K, committed 153920K, reserved 1245184K
  class space    used 19426K, committed 19840K, reserved 1048576K
}
Event: 97.226 GC heap before
{Heap before GC invocations=107 (full 0):
 garbage-first heap   total 847872K, used 669413K [0x0000000700000000, 0x0000000800000000)
  region size 2048K, 248 young (507904K), 7 survivors (14336K)
 Metaspace       used 153066K, committed 153920K, reserved 1245184K
  class space    used 19426K, committed 19840K, reserved 1048576K
}
Event: 97.309 GC heap after
{Heap after GC invocations=108 (full 0):
 garbage-first heap   total 847872K, used 178169K [0x0000000700000000, 0x0000000800000000)
  region size 2048K, 7 young (14336K), 7 survivors (14336K)
 Metaspace       used 153066K, committed 153920K, reserved 1245184K
  class space    used 19426K, committed 19840K, reserved 1048576K
}
Event: 98.620 GC heap before
{Heap before GC invocations=108 (full 0):
 garbage-first heap   total 847872K, used 669689K [0x0000000700000000, 0x0000000800000000)
  region size 2048K, 248 young (507904K), 7 survivors (14336K)
 Metaspace       used 153070K, committed 153920K, reserved 1245184K
  class space    used 19426K, committed 19840K, reserved 1048576K
}
Event: 98.645 GC heap after
{Heap after GC invocations=109 (full 0):
 garbage-first heap   total 847872K, used 181208K [0x0000000700000000, 0x0000000800000000)
  region size 2048K, 8 young (16384K), 8 survivors (16384K)
 Metaspace       used 153070K, committed 153920K, reserved 1245184K
  class space    used 19426K, committed 19840K, reserved 1048576K
}
Event: 99.762 GC heap before
{Heap before GC invocations=109 (full 0):
 garbage-first heap   total 847872K, used 674776K [0x0000000700000000, 0x0000000800000000)
  region size 2048K, 248 young (507904K), 8 survivors (16384K)
 Metaspace       used 153076K, committed 153920K, reserved 1245184K
  class space    used 19426K, committed 19840K, reserved 1048576K
}
Event: 99.928 GC heap after
{Heap after GC invocations=110 (full 0):
 garbage-first heap   total 847872K, used 187085K [0x0000000700000000, 0x0000000800000000)
  region size 2048K, 9 young (18432K), 9 survivors (18432K)
 Metaspace       used 153076K, committed 153920K, reserved 1245184K
  class space    used 19426K, committed 19840K, reserved 1048576K
}
Event: 101.249 GC heap before
{Heap before GC invocations=110 (full 0):
 garbage-first heap   total 847872K, used 676557K [0x0000000700000000, 0x0000000800000000)
  region size 2048K, 248 young (507904K), 9 survivors (18432K)
 Metaspace       used 153092K, committed 153920K, reserved 1245184K
  class space    used 19426K, committed 19840K, reserved 1048576K
}
Event: 101.351 GC heap after
{Heap after GC invocations=111 (full 0):
 garbage-first heap   total 847872K, used 178359K [0x0000000700000000, 0x0000000800000000)
  region size 2048K, 4 young (8192K), 4 survivors (8192K)
 Metaspace       used 153092K, committed 153920K, reserved 1245184K
  class space    used 19426K, committed 19840K, reserved 1048576K
}
Event: 102.872 GC heap before
{Heap before GC invocations=111 (full 0):
 garbage-first heap   total 847872K, used 676023K [0x0000000700000000, 0x0000000800000000)
  region size 2048K, 248 young (507904K), 4 survivors (8192K)
 Metaspace       used 153097K, committed 153984K, reserved 1245184K
  class space    used 19426K, committed 19840K, reserved 1048576K
}

