# JRE version: OpenJDK Runtime Environment Temurin-17.0.13+11 (17.0.13+11) (build 17.0.13+11)
# Java VM: OpenJDK 64-Bit Server VM Temurin-17.0.13+11 (17.0.13+11, mixed mode, tiered, compressed oops, compressed class ptrs, g1 gc, windows-amd64)
GC Precious Log:
 CPUs: 8 total, 8 available
 Memory: 3418M
 Large Page Support: Disabled
 NUMA Support: Disabled
 Compressed Oops: Enabled (Zero based)
 Heap Region Size: 2M
 Heap Min Capacity: 8M
 Heap Initial Capacity: 54M
 Heap Max Capacity: 4G
 Pre-touch: Disabled
 Parallel Workers: 8
 Concurrent Workers: 2
 Concurrent Refinement Workers: 8
 Periodic GC: Disabled
Heap:
 garbage-first heap   total 1052672K, used 152369K [0x0000000700000000, 0x0000000800000000)
  region size 2048K, 6 young (12288K), 6 survivors (12288K)
 Metaspace       used 152460K, committed 153280K, reserved 1245184K
  class space    used 18617K, committed 19008K, reserved 1048576K
GC Heap History (20 events):
Event: 141.680 GC heap after
{Heap after GC invocations=111 (full 0):
 garbage-first heap   total 569344K, used 149251K [0x0000000700000000, 0x0000000800000000)
  region size 2048K, 10 young (20480K), 10 survivors (20480K)
 Metaspace       used 152109K, committed 152896K, reserved 1245184K
  class space    used 18586K, committed 19008K, reserved 1048576K
}
Event: 144.194 GC heap before
{Heap before GC invocations=111 (full 0):
 garbage-first heap   total 569344K, used 466691K [0x0000000700000000, 0x0000000800000000)
  region size 2048K, 166 young (339968K), 10 survivors (20480K)
 Metaspace       used 152265K, committed 153088K, reserved 1245184K
  class space    used 18604K, committed 19008K, reserved 1048576K
}
Event: 144.337 GC heap after
{Heap after GC invocations=112 (full 0):
 garbage-first heap   total 569344K, used 151657K [0x0000000700000000, 0x0000000800000000)
  region size 2048K, 11 young (22528K), 11 survivors (22528K)
 Metaspace       used 152265K, committed 153088K, reserved 1245184K
  class space    used 18604K, committed 19008K, reserved 1048576K
}
Event: 145.679 GC heap before
{Heap before GC invocations=112 (full 0):
 garbage-first heap   total 569344K, used 467049K [0x0000000700000000, 0x0000000800000000)
  region size 2048K, 166 young (339968K), 11 survivors (22528K)
 Metaspace       used 152314K, committed 153088K, reserved 1245184K
  class space    used 18604K, committed 19008K, reserved 1048576K
}
Event: 145.826 GC heap after
{Heap after GC invocations=113 (full 0):
 garbage-first heap   total 569344K, used 153102K [0x0000000700000000, 0x0000000800000000)
  region size 2048K, 12 young (24576K), 12 survivors (24576K)
 Metaspace       used 152314K, committed 153088K, reserved 1245184K
  class space    used 18604K, committed 19008K, reserved 1048576K
}
Event: 146.865 GC heap before
{Heap before GC invocations=113 (full 0):
 garbage-first heap   total 569344K, used 466446K [0x0000000700000000, 0x0000000800000000)
  region size 2048K, 166 young (339968K), 12 survivors (24576K)
 Metaspace       used 152320K, committed 153152K, reserved 1245184K
  class space    used 18604K, committed 19008K, reserved 1048576K
}
Event: 146.978 GC heap after
{Heap after GC invocations=114 (full 0):
 garbage-first heap   total 569344K, used 155203K [0x0000000700000000, 0x0000000800000000)
  region size 2048K, 13 young (26624K), 13 survivors (26624K)
 Metaspace       used 152320K, committed 153152K, reserved 1245184K
  class space    used 18604K, committed 19008K, reserved 1048576K
}
Event: 147.452 GC heap before
{Heap before GC invocations=114 (full 0):
 garbage-first heap   total 569344K, used 466499K [0x0000000700000000, 0x0000000800000000)
  region size 2048K, 166 young (339968K), 13 survivors (26624K)
 Metaspace       used 152322K, committed 153152K, reserved 1245184K
  class space    used 18604K, committed 19008K, reserved 1048576K
}
Event: 147.503 GC heap after
{Heap after GC invocations=115 (full 0):
 garbage-first heap   total 569344K, used 156374K [0x0000000700000000, 0x0000000800000000)
  region size 2048K, 9 young (18432K), 9 survivors (18432K)
 Metaspace       used 152322K, committed 153152K, reserved 1245184K
  class space    used 18604K, committed 19008K, reserved 1048576K
}
Event: 147.986 GC heap before
{Heap before GC invocations=115 (full 0):
 garbage-first heap   total 569344K, used 475862K [0x0000000700000000, 0x0000000800000000)
  region size 2048K, 166 young (339968K), 9 survivors (18432K)
 Metaspace       used 152328K, committed 153152K, reserved 1245184K
  class space    used 18604K, committed 19008K, reserved 1048576K
}
Event: 148.002 GC heap after
{Heap after GC invocations=116 (full 0):
 garbage-first heap   total 1052672K, used 155836K [0x0000000700000000, 0x0000000800000000)
  region size 2048K, 9 young (18432K), 9 survivors (18432K)
 Metaspace       used 152328K, committed 153152K, reserved 1245184K
  class space    used 18604K, committed 19008K, reserved 1048576K
}
Event: 150.466 GC heap before
{Heap before GC invocations=116 (full 0):
 garbage-first heap   total 1052672K, used 770236K [0x0000000700000000, 0x0000000800000000)
  region size 2048K, 308 young (630784K), 9 survivors (18432K)
 Metaspace       used 152330K, committed 153152K, reserved 1245184K
  class space    used 18604K, committed 19008K, reserved 1048576K
}
Event: 150.671 GC heap after
{Heap after GC invocations=117 (full 0):
 garbage-first heap   total 1052672K, used 163264K [0x0000000700000000, 0x0000000800000000)
  region size 2048K, 11 young (22528K), 11 survivors (22528K)
 Metaspace       used 152330K, committed 153152K, reserved 1245184K
  class space    used 18604K, committed 19008K, reserved 1048576K
}
Event: 153.776 GC heap before
{Heap before GC invocations=117 (full 0):
 garbage-first heap   total 1052672K, used 771520K [0x0000000700000000, 0x0000000800000000)
  region size 2048K, 308 young (630784K), 11 survivors (22528K)
 Metaspace       used 152338K, committed 153216K, reserved 1245184K
  class space    used 18604K, committed 19008K, reserved 1048576K
}
Event: 154.050 GC heap after
{Heap after GC invocations=118 (full 0):
 garbage-first heap   total 1052672K, used 165423K [0x0000000700000000, 0x0000000800000000)
  region size 2048K, 12 young (24576K), 12 survivors (24576K)
 Metaspace       used 152338K, committed 153216K, reserved 1245184K
  class space    used 18604K, committed 19008K, reserved 1048576K
}
Event: 156.691 GC heap before
{Heap before GC invocations=118 (full 0):
 garbage-first heap   total 1052672K, used 769583K [0x0000000700000000, 0x0000000800000000)
  region size 2048K, 308 young (630784K), 12 survivors (24576K)
 Metaspace       used 152341K, committed 153216K, reserved 1245184K
  class space    used 18604K, committed 19008K, reserved 1048576K
}
Event: 156.848 GC heap after
{Heap after GC invocations=119 (full 0):
 garbage-first heap   total 1052672K, used 164643K [0x0000000700000000, 0x0000000800000000)
  region size 2048K, 11 young (22528K), 11 survivors (22528K)
 Metaspace       used 152341K, committed 153216K, reserved 1245184K
  class space    used 18604K, committed 19008K, reserved 1048576K
}
Event: 158.523 GC heap before
{Heap before GC invocations=119 (full 0):
 garbage-first heap   total 1052672K, used 772899K [0x0000000700000000, 0x0000000800000000)
  region size 2048K, 308 young (630784K), 11 survivors (22528K)
 Metaspace       used 152363K, committed 153216K, reserved 1245184K
  class space    used 18604K, committed 19008K, reserved 1048576K
}
Event: 158.754 GC heap after
{Heap after GC invocations=120 (full 0):
 garbage-first heap   total 1052672K, used 158978K [0x0000000700000000, 0x0000000800000000)
  region size 2048K, 10 young (20480K), 10 survivors (20480K)
 Metaspace       used 152363K, committed 153216K, reserved 1245184K
  class space    used 18604K, committed 19008K, reserved 1048576K
}
Event: 160.879 GC heap before
{Heap before GC invocations=120 (full 0):
 garbage-first heap   total 1052672K, used 769282K [0x0000000700000000, 0x0000000800000000)
  region size 2048K, 308 young (630784K), 10 survivors (20480K)
 Metaspace       used 152460K, committed 153280K, reserved 1245184K
  class space    used 18617K, committed 19008K, reserved 1048576K
}

