# JRE version: OpenJDK Runtime Environment Temurin-21.0.4+7 (21.0.4+7) (build 21.0.4+7-LTS)
# Java VM: OpenJDK 64-Bit Server VM Temurin-21.0.4+7 (21.0.4+7-LTS, mixed mode, sharing, tiered, compressed oops, compressed class ptrs, g1 gc, windows-amd64)
GC Precious Log:
 CardTable entry size: 512
 Card Set container configuration: InlinePtr #cards 4 size 8 Array Of Cards #cards 16 size 48 Howl #buckets 8 coarsen threshold 3686 Howl Bitmap #cards 512 size 80 coarsen threshold 460 Card regions per heap region 1 cards per card region 4096
 CPUs: 8 total, 8 available
 Memory: 3418M
 Large Page Support: Disabled
 NUMA Support: Disabled
 Compressed Oops: Enabled (Zero based)
 Heap Region Size: 2M
 Heap Min Capacity: 8M
 Heap Initial Capacity: 54M
 Heap Max Capacity: 4G
 Pre-touch: Disabled
 Parallel Workers: 8
 Concurrent Workers: 2
 Concurrent Refinement Workers: 8
 Periodic GC: Disabled
Heap:
 garbage-first heap   total 716800K, used 306780K [0x0000000700000000, 0x0000000800000000)
  region size 2048K, 51 young (104448K), 3 survivors (6144K)
 Metaspace       used 159887K, committed 161728K, reserved 1245184K
  class space    used 20458K, committed 21312K, reserved 1048576K
GC Heap History (20 events):
Event: 8507.329 GC heap before
{Heap before GC invocations=67 (full 0):
 garbage-first heap   total 219136K, used 197468K [0x0000000700000000, 0x0000000800000000)
  region size 2048K, 45 young (92160K), 7 survivors (14336K)
 Metaspace       used 140639K, committed 141888K, reserved 1179648K
  class space    used 18146K, committed 18752K, reserved 1048576K
}
Event: 8507.406 GC heap after
{Heap after GC invocations=68 (full 0):
 garbage-first heap   total 223232K, used 122968K [0x0000000700000000, 0x0000000800000000)
  region size 2048K, 6 young (12288K), 6 survivors (12288K)
 Metaspace       used 140639K, committed 141888K, reserved 1179648K
  class space    used 18146K, committed 18752K, reserved 1048576K
}
Event: 8508.985 GC heap before
{Heap before GC invocations=68 (full 0):
 garbage-first heap   total 223232K, used 196696K [0x0000000700000000, 0x0000000800000000)
  region size 2048K, 42 young (86016K), 6 survivors (12288K)
 Metaspace       used 140658K, committed 141888K, reserved 1179648K
  class space    used 18146K, committed 18752K, reserved 1048576K
}
Event: 8509.054 GC heap after
{Heap after GC invocations=69 (full 0):
 garbage-first heap   total 229376K, used 137216K [0x0000000700000000, 0x0000000800000000)
  region size 2048K, 6 young (12288K), 6 survivors (12288K)
 Metaspace       used 140658K, committed 141888K, reserved 1179648K
  class space    used 18146K, committed 18752K, reserved 1048576K
}
Event: 8515.155 GC heap before
{Heap before GC invocations=70 (full 0):
 garbage-first heap   total 239616K, used 204800K [0x0000000700000000, 0x0000000800000000)
  region size 2048K, 36 young (73728K), 6 survivors (12288K)
 Metaspace       used 141690K, committed 143360K, reserved 1179648K
  class space    used 18353K, committed 19136K, reserved 1048576K
}
Event: 8515.304 GC heap after
{Heap after GC invocations=71 (full 0):
 garbage-first heap   total 239616K, used 156058K [0x0000000700000000, 0x0000000800000000)
  region size 2048K, 5 young (10240K), 5 survivors (10240K)
 Metaspace       used 141690K, committed 143360K, reserved 1179648K
  class space    used 18353K, committed 19136K, reserved 1048576K
}
Event: 8518.468 GC heap before
{Heap before GC invocations=71 (full 0):
 garbage-first heap   total 239616K, used 211354K [0x0000000700000000, 0x0000000800000000)
  region size 2048K, 32 young (65536K), 5 survivors (10240K)
 Metaspace       used 142106K, committed 143808K, reserved 1179648K
  class space    used 18394K, committed 19200K, reserved 1048576K
}
Event: 8518.513 GC heap after
{Heap after GC invocations=72 (full 0):
 garbage-first heap   total 321536K, used 163840K [0x0000000700000000, 0x0000000800000000)
  region size 2048K, 4 young (8192K), 4 survivors (8192K)
 Metaspace       used 142106K, committed 143808K, reserved 1179648K
  class space    used 18394K, committed 19200K, reserved 1048576K
}
Event: 8519.578 GC heap before
{Heap before GC invocations=72 (full 0):
 garbage-first heap   total 321536K, used 206848K [0x0000000700000000, 0x0000000800000000)
  region size 2048K, 27 young (55296K), 4 survivors (8192K)
 Metaspace       used 142399K, committed 144064K, reserved 1179648K
  class space    used 18399K, committed 19200K, reserved 1048576K
}
Event: 8519.616 GC heap after
{Heap after GC invocations=73 (full 0):
 garbage-first heap   total 321536K, used 174309K [0x0000000700000000, 0x0000000800000000)
  region size 2048K, 5 young (10240K), 5 survivors (10240K)
 Metaspace       used 142399K, committed 144064K, reserved 1179648K
  class space    used 18399K, committed 19200K, reserved 1048576K
}
Event: 8522.970 GC heap before
{Heap before GC invocations=74 (full 0):
 garbage-first heap   total 327680K, used 299237K [0x0000000700000000, 0x0000000800000000)
  region size 2048K, 53 young (108544K), 5 survivors (10240K)
 Metaspace       used 142609K, committed 144256K, reserved 1179648K
  class space    used 18421K, committed 19200K, reserved 1048576K
}
Event: 8523.104 GC heap after
{Heap after GC invocations=75 (full 0):
 garbage-first heap   total 327680K, used 196034K [0x0000000700000000, 0x0000000800000000)
  region size 2048K, 7 young (14336K), 7 survivors (14336K)
 Metaspace       used 142609K, committed 144256K, reserved 1179648K
  class space    used 18421K, committed 19200K, reserved 1048576K
}
Event: 8529.329 GC heap before
{Heap before GC invocations=75 (full 0):
 garbage-first heap   total 327680K, used 284098K [0x0000000700000000, 0x0000000800000000)
  region size 2048K, 50 young (102400K), 7 survivors (14336K)
 Metaspace       used 146160K, committed 147776K, reserved 1179648K
  class space    used 18675K, committed 19456K, reserved 1048576K
}
Event: 8529.456 GC heap after
{Heap after GC invocations=76 (full 0):
 garbage-first heap   total 327680K, used 205047K [0x0000000700000000, 0x0000000800000000)
  region size 2048K, 6 young (12288K), 6 survivors (12288K)
 Metaspace       used 146160K, committed 147776K, reserved 1179648K
  class space    used 18675K, committed 19456K, reserved 1048576K
}
Event: 8534.618 GC heap before
{Heap before GC invocations=76 (full 0):
 garbage-first heap   total 327680K, used 264439K [0x0000000700000000, 0x0000000800000000)
  region size 2048K, 37 young (75776K), 6 survivors (12288K)
 Metaspace       used 149875K, committed 151552K, reserved 1245184K
  class space    used 18949K, committed 19712K, reserved 1048576K
}
Event: 8534.714 GC heap after
{Heap after GC invocations=77 (full 0):
 garbage-first heap   total 327680K, used 212426K [0x0000000700000000, 0x0000000800000000)
  region size 2048K, 4 young (8192K), 4 survivors (8192K)
 Metaspace       used 149875K, committed 151552K, reserved 1245184K
  class space    used 18949K, committed 19712K, reserved 1048576K
}
Event: 8540.521 GC heap before
{Heap before GC invocations=78 (full 0):
 garbage-first heap   total 358400K, used 294346K [0x0000000700000000, 0x0000000800000000)
  region size 2048K, 43 young (88064K), 4 survivors (8192K)
 Metaspace       used 152011K, committed 153664K, reserved 1245184K
  class space    used 19222K, committed 20032K, reserved 1048576K
}
Event: 8540.724 GC heap after
{Heap after GC invocations=79 (full 0):
 garbage-first heap   total 358400K, used 224313K [0x0000000700000000, 0x0000000800000000)
  region size 2048K, 5 young (10240K), 5 survivors (10240K)
 Metaspace       used 152011K, committed 153664K, reserved 1245184K
  class space    used 19222K, committed 20032K, reserved 1048576K
}
Event: 8549.222 GC heap before
{Heap before GC invocations=79 (full 0):
 garbage-first heap   total 358400K, used 316473K [0x0000000700000000, 0x0000000800000000)
  region size 2048K, 50 young (102400K), 5 survivors (10240K)
 Metaspace       used 153308K, committed 155008K, reserved 1245184K
  class space    used 19369K, committed 20160K, reserved 1048576K
}
Event: 8549.334 GC heap after
{Heap after GC invocations=80 (full 0):
 garbage-first heap   total 716800K, used 210524K [0x0000000700000000, 0x0000000800000000)
  region size 2048K, 3 young (6144K), 3 survivors (6144K)
 Metaspace       used 153308K, committed 155008K, reserved 1245184K
  class space    used 19369K, committed 20160K, reserved 1048576K
}

